         w __deregister_frame_info
         w __register_frame_info
         w userAppExit
         w userAppInit
00000000 b _TLS_MODULE_BASE_
00000000 00000802 B __ctru_dev_utf16_buf
00000000 A __sync_synchronize
00000000 a shift
00000000 a shift
00000804 00000401 B __ctru_dev_path_buf
00100000 A __start__
00100000 T _start
00100008 T __service_ptr
0010000c T __apt_appid
00100010 T __heap_size
00100014 T __linear_heap_size
00100018 T __system_arglist
0010001c T __system_runflags
00100020 t startup
00100058 t ClearMem
0010006c t ClrLoop
00100094 T _init
001000ac T __aeabi_idiv
001000ac 00000220 T __divsi3
001000b4 t .divsi3_skip_div0_test
001002cc 00000020 T __aeabi_idivmod
001002ec 00000004 W __aeabi_idiv0
001002ec 00000004 W __aeabi_ldiv0
001002f0 T __aeabi_drsub
001002f8 000002b0 T __aeabi_dsub
001002f8 000002b0 T __subdf3
001002fc 000002ac T __adddf3
001002fc 000002ac T __aeabi_dadd
001005a8 00000024 T __aeabi_ui2d
001005a8 00000024 T __floatunsidf
001005cc 00000028 T __aeabi_i2d
001005cc 00000028 T __floatsidf
001005f4 00000048 T __aeabi_f2d
001005f4 00000048 T __extendsfdf2
0010063c 00000074 T __aeabi_ul2d
0010063c 00000074 T __floatundidf
00100650 00000060 T __aeabi_l2d
00100650 00000060 T __floatdidf
001006b0 T __aeabi_uldivmod
00100708 00000390 T strcmp
00100a90 t .udivsi3_skip_div0_test
00100a90 T __aeabi_uidiv
00100a90 000001ec T __udivsi3
00100c7c 00000020 T __aeabi_uidivmod
00100c9c t __do_global_dtors_aux
00100cec t frame_dummy
00100d18 000000c4 T send_command
00100de0 000000a0 T network_thread
00100e80 0000038c T main
0010120c 00000044 t C2Di_FrameEndHook
00101250 00000368 T C2D_Init
001015b8 0000004c T C2D_Fini
00101604 000000bc T C2D_Prepare
001016c0 00000048 T C2D_Flush
00101708 000000fc T C2D_SceneSize
00101804 00000060 T C2D_CreateScreenTarget
00101864 00000060 T C2D_TargetClear
001018c4 00000054 T C2Di_AppendQuad
00101918 00000738 T C2Di_Update
00102050 00000168 T C2D_DrawRectangle
001021b8 00000028 T AttrInfo_Init
001021e0 00000094 T AttrInfo_AddLoader
00102274 00000054 T C3D_SetAttrInfo
001022c8 00000080 T C3Di_AttrInfoBind
00102348 00000004 W C3Di_LightEnvUpdate
0010234c 00000004 W C3Di_LightEnvDirty
00102350 000000b4 t C3Di_AptEventHook
00102404 00000004 W C3Di_GasUpdate
00102408 000001d0 T C3D_Init
001025d8 00000098 T C3D_SetViewport
00102670 000004e8 T C3Di_UpdateContext
00102b58 000000e0 T C3Di_SplitFrame
00102c38 00000044 T C3D_Fini
00102c7c 00000194 T C3D_BindProgram
00102e10 00000024 T BufInfo_Init
00102e34 00000080 T BufInfo_Add
00102eb4 0000003c T C3D_SetBufInfo
00102ef0 00000048 T C3Di_BufInfoBind
00102f38 0000021c T C3D_DrawElements
00103154 00000040 T C3D_DepthMap
00103194 0000001c T C3D_CullFace
001031b0 00000040 T C3D_StencilTest
001031f0 00000024 T C3D_StencilOp
00103214 0000001c T C3D_BlendingColor
00103230 00000024 T C3D_EarlyDepthTest
00103254 0000002c T C3D_DepthTest
00103280 0000002c T C3D_AlphaTest
001032ac 00000050 T C3D_AlphaBlend
001032fc 00000030 T C3D_FragOpMode
0010332c 00000044 T C3D_FragOpShadow
00103370 000001ac T C3Di_EffectBind
0010351c 0000001c T C3D_CalcColorBufSize
00103538 0000001c T C3D_CalcDepthBufSize
00103554 00000044 T C3D_SetFrameBuf
00103598 0000016c T C3Di_FrameBufBind
00103704 000000c8 T C3D_FrameBufClear
001037cc 00000044 T C3D_FrameBufTransfer
00103810 000000a8 T C3D_ImmSendAttrib
001038b8 00000070 T C3D_ProcTexInit
00103928 00000054 T C3D_ProcTexBind
0010397c 0000005c T C3D_ProcTexLutBind
001039d8 000000a4 T ProcTexLut_FromArray
00103a7c 00000178 T C3Di_ProcTexUpdate
00103bf4 00000068 T C3Di_ProcTexDirty
00103c5c 0000004c t onVBlank0
00103ca8 0000004c t onVBlank1
00103cf4 00000080 t C3Di_RenderTargetDestroy
00103d74 000000f4 t onQueueFinish
00103e68 00000038 T C3Di_RenderQueueEnableVBlank
00103ea0 00000030 T C3Di_RenderQueueDisableVBlank
00103ed0 00000060 T C3Di_RenderQueueInit
00103f30 000000b4 T C3Di_RenderQueueExit
00103fe4 00000034 T C3Di_RenderQueueWaitDone
00104018 000000e8 T C3D_FrameBegin
00104100 00000048 T C3D_FrameDrawOn
00104148 00000058 T C3D_FrameSplit
001041a0 000001d0 T C3D_FrameEnd
00104370 0000001c T C3D_FrameEndHook
0010438c 00000170 T C3D_RenderTargetCreate
001044fc 000000a8 T C3D_RenderTargetSetOutput
001045a4 00000034 T C3D_GetTexEnv
001045d8 00000024 T C3Di_TexEnvBind
001045fc 00000044 T C3D_TexBind
00104640 0000014c T C3Di_SetTex
0010478c 00000290 T C3D_UpdateUniforms
00104a1c 000000c0 T C3Di_DirtyUniforms
00104adc 000000d8 T C3Di_LoadShaderUniforms
00104bb4 00000028 T C3Di_ClearShaderUniforms
00104bdc 000000cc T Mtx_Ortho
00104ca8 000000cc T Mtx_OrthoTilt
00104d74 00000024 t addrMapNodeComparator(rbtree_node const*, rbtree_node const*)
00104d98 00000004 t addrMapNodeDestructor(rbtree_node*)
00104d9c 0000012c T linearMemAlign
00104ec8 00000008 T linearAlloc
00104ed0 0000005c T linearFree
00104f2c 00000088 T MemPool::CoalesceRight(MemBlock*)
00104fb4 00000178 T MemPool::Allocate(MemChunk&, unsigned long, int)
0010512c 00000118 T MemPool::Deallocate(MemChunk const&)
00105244 00000030 T MemPool::GetFreeSpace()
00105274 00000024 t addrMapNodeComparator(rbtree_node const*, rbtree_node const*)
00105298 00000004 t addrMapNodeDestructor(rbtree_node*)
0010529c 00000248 T vramMemAlignAt
001054e4 0000000c T vramAlloc
001054f0 0000000c T vramAllocAt
001054fc 00000094 T vramFree
00105590 000001c8 T consoleDrawChar
00105758 00000170 T consolePrintChar
001058c8 00000cc8 T con_write
00106590 000000fc t newRow
0010668c 00000180 T consoleInit
0010680c 000000cc t gfxPresentFramebuffer
001068d8 0000001c T gfxIsWide
001068f4 000000f8 T gfxSetScreenFormat
001069ec 00000010 T gfxSetDoubleBuffering
001069fc 000000d8 T gfxInit
00106ad4 00000010 T gfxInitDefault
00106ae4 000000b8 T gfxExit
00106b9c 000000a0 T gfxGetFramebuffer
00106c3c 00000100 T gfxFlushBuffers
00106d3c 00000028 T gfxScreenSwapBuffers
00106d64 00000050 T gfxSwapBuffersGpu
00106db4 00000074 T osConvertVirtToPhys
00106e28 00000034 T __ctru_speedup_config
00106e5c 000001fc T threadCreate
00107058 00000038 T threadFree
00107090 00000024 T threadJoin
001070b4 00000030 T threadGetCurrent
001070e4 00000040 T threadExit
00107124 00000020 t _thread_begin
00107144 0000013c T GPUCMD_Add
00107280 000000b0 T GPUCMD_Split
00107330 00000034 T f32tof16
00107364 00000034 T f32tof24
00107398 00000038 T f32tof31
001073d0 00000010 T GX_BindQueue
001073e0 0000007c T GX_ProcessCommandList
0010745c 00000074 T GX_MemoryFill
001074d0 00000074 T GX_DisplayTransfer
00107544 00000064 t gxCmdQueueDoCommands.part.0
001075a8 000000e4 T gxCmdQueueInterrupt
0010768c 00000068 T gxCmdQueueClear
001076f4 00000108 T gxCmdQueueAdd
001077fc 00000080 T gxCmdQueueRun
0010787c 00000064 T gxCmdQueueStop
001078e0 000000ac T gxCmdQueueWait
0010798c 000001e0 T shaderInstanceInit
00107b6c 00000018 T shaderInstanceGetUniformLocation
00107b84 0000001c T shaderProgramInit
00107ba0 00000074 T shaderProgramFree
00107c14 00000094 T shaderProgramSetVsh
00107ca8 000008d0 T shaderProgramConfigure
00108578 000001dc t DVLE_GenerateOutmap.part.0
00108754 000001ac T DVLB_ParseFile
00108900 00000050 T DVLB_Free
00108950 00000074 T DVLE_GetUniformRegister
001089c4 00000180 t aptConvertScreenForCapture
00108b44 00000008 W aptDspSleep
00108b4c 00000004 W aptDspWakeup
00108b50 00000004 W aptDspCancel
00108b54 00000138 T aptSendCommand
00108c90 00000044 t aptExitProcess
00108cd4 00000394 T aptExit
00109068 000000d8 T aptHandleSleep
00109140 00000034 T aptHook
00109174 00000030 T aptUnhook
001091a4 0000001c T aptSetMessageCallback
001091c0 00000084 T APT_SleepIfShellClosed
00109244 00000078 T aptSetSleepAllowed
001092bc 00000084 T APT_UnlockTransition
00109340 00000470 t aptEventHandler
001097b0 000000bc T APT_ReceiveParameter
0010986c 000000b0 t aptReceiveParameter.constprop.0
00109920 00000294 t aptScreenTransfer
00109bb4 000002d0 t aptWaitForWakeUp.isra.0
00109e84 00000114 T aptLaunchLibraryApplet
00109f98 000000f4 T aptJumpToHomeMenu
0010a08c 00000058 T aptMainLoop
0010a0e4 00000240 T aptInit
0010a324 0000005c T APT_SendParameter
0010a380 00000090 T APT_CheckNew3DS
0010a410 00000c70 t gspHardwareInit
0010b080 00000288 T gspInit
0010b308 00000104 T gspExit
0010b40c 00000010 T gspHasGpuRight
0010b41c 000000a4 T gspPresentBuffer
0010b4c0 00000030 T gspSetEventCallback
0010b4f0 00000050 T gspWaitForEvent
0010b540 0000004c T gspWaitForAnyEvent
0010b58c 00000154 t gspEventThreadMain
0010b6e0 0000012c T gspSubmitGxCommand
0010b80c 00000050 T GSPGPU_FlushDataCache
0010b85c 00000034 T GSPGPU_SetLcdForceBlack
0010b890 00000084 T GSPGPU_AcquireRight
0010b914 00000064 T GSPGPU_ReleaseRight
0010b978 0000007c T GSPGPU_ImportDisplayCaptureInfo
0010b9f4 0000002c T GSPGPU_SaveVramSysArea
0010ba20 0000002c T GSPGPU_RestoreVramSysArea
0010ba4c 00000024 W hidShouldUseIrrst
0010ba70 000001cc T hidInit
0010bc3c 000000e8 T hidExit
0010bd24 000002a0 T hidScanInput
0010bfc4 00000010 T hidKeysHeld
0010bfd4 00000010 T hidKeysDown
0010bfe4 00000018 T hidCircleRead
0010bffc 00000200 T httpcInit
0010c1fc 000000bc T httpcExit
0010c2b8 00000170 T httpcOpenContext
0010c428 00000040 T httpcCloseContext
0010c468 0000008c T httpcAddRequestHeaderField
0010c4f4 00000030 T httpcBeginRequest
0010c524 0000003c T httpcGetResponseStatusCode
0010c560 00000034 T httpcSetSSLOpt
0010c594 000001a4 T irrstInit
0010c738 000000dc T irrstExit
0010c814 000000b4 T irrstScanInput
0010c8c8 00000024 T irrstKeysHeld
0010c8ec 00000078 T ptmSysmInit
0010c964 0000003c T ptmSysmExit
0010c9a0 00000034 T PTMSYSM_ConfigureNew3DSCPU
0010c9d4 00000190 t swkbdMessageCallback
0010cb64 00000084 T swkbdInit
0010cbe8 00000064 T swkbdSetHintText
0010cc4c 00000008 T swkbdSetInitialText
0010cc54 000003a8 T swkbdInputText
0010cffc 00000074 T rbtree_find
0010d070 00000010 T rbtree_init
0010d080 00000198 t do_insert
0010d218 00000008 T rbtree_insert
0010d220 00000310 T rbtree_remove
0010d530 00000090 T rbtree_rotate
0010d5c0 000000e8 T utf16_to_utf8
0010d6a8 000000c0 T utf8_to_utf16
0010d768 000001e8 W __system_allocateHeaps
0010d950 00000038 W __libctru_init
0010d988 0000016c W __system_initArgv
0010daf4 00000030 T __syscall_getreent
0010db24 00000004 T __syscall_lock_acquire
0010db28 00000004 T __syscall_lock_release
0010db2c 00000004 T __syscall_lock_acquire_recursive
0010db30 00000004 T __syscall_lock_release_recursive
0010db34 00000004 T __syscall_exit
0010db38 00000054 T initThreadVars
0010db8c 00000080 T __system_initSyscalls
0010dc0c T svcControlMemory
0010dc2c T svcQueryMemory
0010dc5c T svcExitProcess
0010dc64 T svcCreateThread
0010dc84 T svcExitThread
0010dc8c T svcSleepThread
0010dc94 T svcGetThreadPriority
0010dca8 T svcReleaseMutex
0010dcb0 T svcCreateEvent
0010dcc4 T svcSignalEvent
0010dccc T svcClearEvent
0010dcd4 T svcCreateMemoryBlock
0010dcec T svcMapMemoryBlock
0010dcf4 T svcUnmapMemoryBlock
0010dcfc T svcCreateAddressArbiter
0010dd10 T svcArbitrateAddressNoTimeout
0010dd18 T svcCloseHandle
0010dd20 T svcWaitSynchronization
0010dd28 T svcWaitSynchronizationN
0010dd50 T svcDuplicateHandle
0010dd64 T svcGetSystemTick
0010dd6c T svcConnectToPort
0010dd80 T svcSendSyncRequest
0010dd88 T svcGetResourceLimit
0010dd9c T svcGetResourceLimitLimitValues
0010dda4 T svcGetResourceLimitCurrentValues
0010ddac T svcBreak
0010ddb4 W initSystem
0010de04 W __ctru_exit
0010de18 0000008c W envGetHandle
0010dea4 00000050 W envDestroyHandles
0010def4 00000164 T srvInit
0010e058 00000064 T srvExit
0010e0bc 00000060 T srvEnableNotification
0010e11c 000000a0 T srvGetServiceHandleDirect
0010e1bc 00000048 T srvGetServiceHandle
0010e204 00000034 T srvSubscribe
0010e238 00000060 T srvReceiveNotification
0010e298 00000038 T srvPublishToSubscriber
0010e2d0 0000000c T __sync_init
0010e2dc 00000018 T __sync_fini
0010e2f4 00000028 T syncArbitrateAddress
0010e31c 000000ac T LightLock_Lock
0010e3c8 00000040 T LightLock_Unlock
0010e408 00000054 T RecursiveLock_Lock
0010e45c 00000054 T RecursiveLock_Unlock
0010e4b0 00000044 T LightEvent_Init
0010e4f4 000000b8 T LightEvent_Clear
0010e5ac 000000dc T LightEvent_Signal
0010e688 00000050 T LightEvent_TryWait
0010e6d8 000000ac T LightEvent_Wait
0010e784 00000090 t mappableFindAddressWithin
0010e814 00000028 T mappableInit
0010e83c 0000007c T mappableAlloc
0010e8b8 00000004 T mappableFree
0010e8bc 0000000c T srvPmGetSessionHandle
0010e8c8 00000060 T rbtree_node_next
0010e928 00000054 T decode_utf16
0010e97c 00000140 T decode_utf8
0010eabc 00000054 T encode_utf16
0010eb10 000000e0 T encode_utf8
0010ebf0 00000030 W __appExit
0010ec20 00000030 W __appInit
0010ec50 00000090 W __libctru_exit
0010ece0 00000024 t error_cmp
0010ed04 00000050 t archive_translate_error
0010ed54 000000c0 t archive_seek
0010ee14 00000078 t _archiveInit.part.0
0010ee8c 00000110 t archiveFindDevice.part.0
0010ef9c 00000298 t archive_utf16path
0010f234 00000098 t _archiveUnmountDeviceStruct.part.0
0010f2cc 00000178 t _archiveMountDevice
0010f444 000000f8 t archive_diropen
0010f53c 000000ac t archive_fstat
0010f5e8 00000074 t archive_fsync
0010f65c 00000074 t archive_close
0010f6d0 00000078 t archive_dirclose
0010f748 000000ec t sdmc_statvfs
0010f834 000000f8 t archive_chdir
0010f92c 0000008c t archive_ftruncate
0010f9b8 000000bc t archive_read
0010fa74 000000a8 t archive_unlink
0010fb1c 000000c0 t archive_rmdir
0010fbdc 000000d8 t archive_mkdir
0010fcb4 000001a0 t archive_stat
0010fe54 00000164 t archive_dirnext
0010ffb8 0000013c t archive_write
001100f8 00000254 t archive_open
0011034c 00000270 t archive_rename
001105bc 000001c8 T archiveMountSdmc
00110784 00000054 T archiveUnmountAll
001107d8 00000104 T fsInit
001108dc 0000003c T fsExit
00110918 00000068 T fsExemptFromSession
00110980 00000050 T fsUnexemptFromSession
001109d0 000000cc T FSUSER_OpenFile
00110a9c 000000b8 T FSUSER_DeleteFile
00110b54 000000f4 T FSUSER_RenameFile
00110c48 000000b8 T FSUSER_DeleteDirectory
00110d00 000000d0 T FSUSER_CreateFile
00110dd0 000000c0 T FSUSER_CreateDirectory
00110e90 000000f4 T FSUSER_RenameDirectory
00110f84 000000b4 T FSUSER_OpenDirectory
00111038 00000090 T FSUSER_OpenArchive
001110c8 0000008c T FSUSER_CloseArchive
00111154 00000074 T FSUSER_GetSdmcArchiveResource
001111c8 00000064 T FSUSER_IsSdmcWritable
0011122c 00000064 T FSFILE_Read
00111290 0000006c T FSFILE_Write
001112fc 00000044 T FSFILE_GetSize
00111340 00000028 T FSFILE_SetSize
00111368 0000003c T FSFILE_Close
001113a4 00000024 T FSFILE_Flush
001113c8 00000060 T FSDIR_Read
00111428 0000003c T FSDIR_Close
00111464 T __aeabi_read_tp
00111470 0000002c T __aeabi_d2lz
00111470 0000002c T __fixdfdi
001114a0 00000040 T __aeabi_d2ulz
001114a0 00000040 T __fixunsdfdi
001114e0 00000130 T __udivmoddi4
00111610 000000e4 T strncat
001116f4 00000078 T sscanf
0011176c 00000128 T memcpy
00111894 0000008c T strlen
00111920 00000078 T bsearch
00111998 00000050 t get_arg
001119e8 00002b88 T __ssvfscanf_r
00114570 00000060 t sulp
001145d0 00001428 T _strtod_l
001159f8 00000044 T _strtod_r
00115a3c 00000028 T memalign
00115a64 00000264 t _strtoull_l.isra.0
00115cc8 00000038 T _strtoull_r
00115d00 000000f4 t rshift
00115df4 000008b4 T __gethex
001166a8 000000a0 T snprintf
00116748 00000034 T printf
0011677c 000001ec t _strtoul_l.isra.0
00116968 00000038 T _strtoul_r
001169a0 0000003c T strtoul
001169dc 000000c4 T _mbrtowc_r
00116aa0 00000028 T calloc
00116ac8 000000f8 T __sccl
00116bc0 0000016c T _memalign_r
00116d2c 0000000c T __errno
00116d38 0000047c t _strtoll_l.isra.0
001171b4 00000038 T _strtoll_r
001171ec 00000024 T __locale_mb_cur_max
00117210 000000e4 T memset
001172f4 000000d8 T _calloc_r
001173cc 0000022c T __sflush_r
001175f8 000000c4 T _fflush_r
001176bc 00000028 T realloc
001176e4 0000082c T _malloc_r
00117f10 00000114 T _malloc_trim_r
00118024 00000314 T _free_r
00118338 00000294 T setvbuf
001185cc 000000e4 T _sungetc_r
001186b0 0000006c T __ssrefill_r
0011871c 000000b4 T _sfread_r
001187d0 0000001c t stdio_exit_handler
001187ec 0000005c t cleanup_stdio
00118848 00000154 t global_stdio_init.part.0
0011899c 0000005c T __sinit
001189f8 0000000c T __sfp_lock_acquire
00118a04 0000000c T __sfp_lock_release
00118a10 00000384 t _strtol_l.part.0
00118d94 0000006c T _strtol_r
00118e00 00000084 T __libc_init_array
00118e84 000000d4 T strncpy
00118f58 00000040 T malloc
00118f98 00000020 T free
00118fb8 000000e0 T _puts_r
00119098 00000020 T puts
001190b8 00000024 T _localeconv_r
001190dc 00000044 T __sread
00119120 00000008 T __seofread
00119128 00000068 T __swrite
00119190 00000040 T __sseek
001191d0 00000008 T __sclose
001191d8 000004f0 T _realloc_r
001196c8 0000000c T __malloc_lock
001196d4 0000000c T __malloc_unlock
001196e0 00000148 T _fclose_r
00119828 00000004 W __call_exitprocs
0011982c 00000030 T exit
0011985c 000005e0 t get_arg
00119e40 0000345c T _svfprintf_r
0011d29c 000000f8 T __utf8_wctomb
0011d394 0000003c T __libc_fini_array
0011d3d0 0000003c T strnlen
0011d40c 000000d8 T strncmp
0011d4e4 00000070 T __match
0011d554 000002a8 T __hexnan
0011d7fc 00000068 T sprintf
0011d868 00000010 T nan
0011d878 0000000c T nanf
0011d888 00000088 T frexp
0011d910 000000dc T stpncpy
0011d9ec 0000005c T __assert_func
0011da48 00000008 T iswspace
0011da50 00000088 T _Balloc
0011dad8 0000001c T _Bfree
0011daf4 000000f4 T __multadd
0011dbe8 0000010c T __s2b
0011dcf4 00000080 T __hi0bits
0011dd74 000000f0 T __lo0bits
0011de64 000000a4 T __i2b
0011df08 00000230 T __multiply
0011e138 00000130 T __pow5mult
0011e268 00000138 T __lshift
0011e3a0 00000058 T __mcmp
0011e3f8 00000218 T __mdiff
0011e610 00000068 T __ulp
0011e678 000000d4 T __b2d
0011e74c 00000120 T __d2b
0011e86c 00000078 T __ratio
0011e8e4 0000008c T __copybits
0011e970 0000005c T __any_on
0011e9cc 00000070 T _fwalk_sglue
0011ea3c 000005e0 t get_arg
0011f020 00003554 T _vfprintf_r
00122574 000000b4 t __sbprintf
00122628 000000a0 T _wcrtomb_r
001226c8 000000b8 T __submore
00122780 000000a4 T __ssprint_r
00122824 00000340 T __utf8_mbtowc
00122b64 0000003c T fiprintf
00122ba0 000004a4 T __sfvwrite_r
00123044 00000140 T strchr
00123184 00000014 T abort
00123198 00000164 T __smakebuf_r
001232fc 00000090 T __swhatbuf_r
0012338c 00000030 T __sprint_r
001233bc 000001c0 t quorem
00123580 00001420 T _dtoa_r
001249a0 000000e8 T memchr
00124a88 00000028 T _wcsrtombs_r
00124ab0 00000140 T __swsetup_r
00124bf0 000001a8 T memmove
00124d98 00000038 T iswspace_l
00124dd0 0000012c T __ssputs_r
00124efc 000005e0 t get_arg
001254dc 000022f8 T _vfiprintf_r
001277d4 000000b4 t __sbprintf
00127888 0000015c T _wcsnrtombs_l
001279e4 00000064 T _wcsnrtombs_r
00127a48 0000009c T _raise_r
00127ae4 00000020 T raise
00127b04 00000090 T category
00127b94 00000020 T _exit
00127bb4 00000140 T chdir
00127cf4 000001c8 T _concatenate_path
00127ebc 0000009c T _fstat_r
00127f58 00000014 T _getpid_r
00127f6c 0000002c T __getreent
00127f98 00000058 T __get_handle
00127ff0 00000110 T _close_r
00128100 00000008 t null_write
00128108 00000018 T setDefaultDevice
00128120 00000098 T FindDevice
001281b8 00000024 T RemoveDevice
001281dc 00000088 T AddDevice
00128264 00000020 T GetDeviceOpTab
00128284 00000008 T _isatty_r
0012828c 00000014 T _kill_r
001282a0 00000094 T _lseek_r
00128334 00000094 T _read_r
001283c8 00000078 W _sbrk_r
00128440 0000001c T __libc_lock_acquire
0012845c 0000001c T __libc_lock_release
00128478 0000001c T __libc_lock_acquire_recursive
00128494 0000001c T __libc_lock_release_recursive
001284b0 00000094 T _write_r
00128544 00000048 T strrchr
0012858c T _fini
0012903c r .LC2
00129468 R render2d_shbin
001295f4 00000004 r depthFmtSizes
001295f4 R render2d_shbin_end
001295f8 00000005 r colorFmtSizes
00129600 00000010 r CSWTCH.11
00129854 00000080 r dotab_stdout
001298d4 00000018 r grayScale
001298ec 00000006 r colorCube
001298f4 00000030 r colorTable
0012994c 00000008 r morton_y.2
00129954 00000008 r morton_x.3
0012995c 00000008 r s_sleepWakeEvents.4
00129964 0000000c r serviceNameTable.5
00129970 R default_font_bin
0012a170 R default_font_bin_end
0012a170 00000030 r error_table
0012a1a0 00000080 r archive_devoptab
0012a374 00000022 r basefix.0
0012a3f8 00000014 r fpinan.0
0012a40c 00000014 r fpi.1
0012a420 00000028 r tinytens
0012a448 00000100 R __hexdig
0012a634 00000010 r zeroes.0
0012a644 00000010 r blanks.1
0012a654 00000101 R _ctype_
0012a758 0000000c r p05.0
0012a768 00000028 R __mprec_bigtens
0012a790 000000c8 R __mprec_tens
0012a944 00000010 r zeroes.0
0012a954 00000010 r blanks.1
0012a964 0000006c R __action_table
0012a9d0 0000006c R __state_table
0012aa3c 00000100 R __chclass
0012ac30 00000010 r zeroes.0
0012ac40 00000010 r blanks.1
0012ac50 000037f8 r categories
0012e448 00000080 R dotab_stdnull
0012e4c8 R __tdata_align
0012e4cc r __EH_FRAME_BEGIN__
0012e4cc R __exidx_end
0012e4cc R __exidx_start
0012f000 00000004 d g_running
0012f008 00000010 d g_ip
0012f018 00000008 d framerateCounter
0012f020 00000004 d framerate
0012f024 00000001 d firstConsoleInit.0
0012f028 00000004 D currentConsole
0012f02c 00000048 D defaultConsole
0012f074 00000004 d queueLock
0012f078 00000004 d aptChainloadDeliverArgSize
0012f07c 00000004 d kCount
0012f080 00000004 d kInterval
0012f084 00000004 d kDelay
0012f088 W __stacksize__
0012f08c 00000004 D _impure_ptr
0012f090 00000200 D _impure_data
0012f290 00000254 D __global_locale
0012f4e4 00000004 D __malloc_sbrk_base
0012f4e8 00000004 D __malloc_trim_threshold
0012f4f0 00000408 D __malloc_av_
0012f8f8 0000000c D __sglue
0012f904 00000400 d _current_working_directory
0012fd08 00001000 d handles
00130d08 0000000c d __stderr_handle
00130d14 0000000c d __stdout_handle
00130d20 0000000c d __stdin_handle
00130d2c 0000008c D devoptab_list
00130db8 00000004 d defaultDevice
00130dc4 d _GLOBAL_OFFSET_TABLE_
00130dd0 d __frame_dummy_init_array_entry
00130dd0 D __init_array_start
00130dd0 B __preinit_array_end
00130dd0 B __preinit_array_start
00130dd0 D __tdata_lma
00130dd0 D __tdata_lma_end
00130dd4 d __do_global_dtors_aux_fini_array_entry
00130dd4 D __fini_array_start
00130dd4 D __init_array_end
00130dd8 D __bss_start__
00130dd8 D __fini_array_end
00130dd8 00000004 b g_net_ready
00130ddc 00000004 b g_kHeld
00130de0 00000004 b g_cpad_x
00130de4 00000004 b g_cpad_y
00130de8 00000010 b g_ip_str
00130df8 00000004 b g_last_send_ok
00130e00 000005a8 B __C2Di_Context
001313a8 00000040 b s_projTop
001313e8 00000040 b s_projBot
00131428 00000004 b uLoc_mdlvMtx
0013142c 00000004 b uLoc_projMtx
00131430 b completed.1
00131434 b object.0
0013144c 0000000c b hookCookie
00131458 000002d0 B __C3D_Context
00131728 00000004 b frameEndCbData
0013172c 00000004 b frameEndCb
00131730 00000008 b frameCounter
00131738 00000001 b isTopStereo
00131739 00000001 b needSwapBot
0013173a 00000001 b needSwapTop
0013173b 00000001 b measureGpuTime
0013173c 00000001 b inSafeTransfer
0013173d 00000001 b inFrame
00131740 00000010 b cpuTime
00131750 00000010 b gpuTime
00131760 0000000c b linkedTarget
0013176c 00000004 b lastTarget
00131770 00000004 b firstTarget
00131774 00000008 b C3Di_IVUnifEverDirty
0013177c 000000c0 b C3Di_FVUnifEverDirty
0013183c 00000018 b C3Di_ShaderFVecData
00131854 00000002 B C3D_BoolUnifsDirty
00131858 00000008 B C3D_IVUnifDirty
00131860 000000c0 B C3D_FVUnifDirty
00131920 00000004 B C3D_BoolUnifs
00131924 00000020 B C3D_IVUnif
00131944 00000c00 B C3D_FVUnif
00132548 00000008 b sLinearPool
00132550 0000000c b sAddrMap
00132560 00000008 b sVramPoolB
00132568 00000008 b sVramPoolA
00132570 0000000c b sAddrMap
0013257c 00000064 b escapeSeq
001325e0 00000048 B currentCopy
00132628 00000004 b screenAlloc
0013262c 00000004 b screenFree
00132630 00000002 b gfxIsDoubleBuf
00132634 00000002 b gfxCurBuf
00132636 00000001 b gfxIsVram
00132637 00000001 b gfxTopMode
00132638 00000002 b gfxFramebufferFormats
0013263c 00000004 b gfxBottomFramebufferMaxSize
00132640 00000004 b gfxTopFramebufferMaxSize
00132648 00000008 b gfxBottomFramebuffers
00132650 00000008 b gfxTopFramebuffers
00132658 00000001 V __ctru_speedup
0013265c 00000004 B gpuCmdBufOffset
00132660 00000004 B gpuCmdBufSize
00132664 00000004 B gpuCmdBuf
00132668 00000004 b boundQueue
0013266c 00000001 b shouldStop
0013266d 00000001 b isRunning
0013266e 00000001 b isActive
00132670 00000004 b curQueue
00132674 00000001 b flagValue.0
00132675 00000001 b flagInit.1
00132678 00000004 b serviceName.6
0013267c 00000001 b aptChainloadFlags
0013267d 00000001 b aptChainloadMediatype
00132680 00000020 b aptChainloadHmac
001326a0 00000300 b aptChainloadDeliverArg
001329a0 00000008 b aptChainloadTid
001329a8 00001000 b aptParameters
001339a8 00000004 b aptFlags
001339ac 00000001 b aptHomeButtonState
001339b0 00000004 b aptMessageFuncData
001339b4 00000004 b aptMessageFunc
001339b8 0000000c b aptFirstHook
001339c4 00000001 b aptEventHandlerThreadQuit
001339c8 00000004 b aptEventHandlerThread
001339cc 00000008 b aptSleepEvent
001339d4 00000008 b aptReceiveEvent
001339dc 00000008 b aptEvents
001339e4 00000004 b aptLockHandle
001339e8 00000004 b aptRefCount
001339ec 00000007 b gspEventCbOneShot
001339f4 0000001c b gspEventCbData
00133a10 0000001c b gspEventCb
00133a2c 00000038 b gspEvents
00133a64 00000004 b gspLastEvent
00133a68 00000001 b gspRunEvents
00133a6c 00000004 b gspEventThread
00133a70 00000004 b gspEvent
00133a74 00000001 b gspGpuRight
00133a75 00000001 b gspThreadId
00133a78 00000004 b gspSharedMem
00133a7c 00000004 b gspSharedMemHandle
00133a80 00000004 b gspRefCount
00133a84 00000004 b gspGpuHandle
00133a88 00000001 b usingIrrst
00133a8c 00000004 b hidRefCount
00133a90 00000006 b gRate
00133a98 00000006 b aVec
00133aa0 00000004 b cPos
00133aa4 00000004 b tPos
00133aa8 00000004 b kRepeat
00133aac 00000004 b kUp
00133ab0 00000004 b kDown
00133ab4 00000004 b kHeld
00133ab8 00000004 b kOld
00133abc 00000004 B hidSharedMem
00133ac0 00000014 B hidEvents
00133ad4 00000004 B hidMemHandle
00133ad8 00000004 B hidHandle
00133adc 00000004 b __httpc_sharedmem_handle
00133ae0 00000004 b __httpc_sharedmem_size
00133ae4 00000004 B __httpc_sharedmem_addr
00133ae8 00000004 b __httpc_refcount
00133aec 00000004 B __httpc_servhandle
00133af0 00000004 b irrstRefCount
00133af4 00000004 b csPos
00133af8 00000004 b kHeld
00133afc 00000004 B irrstSharedMem
00133b00 00000004 B irrstEvent
00133b04 00000004 B irrstMemHandle
00133b08 00000004 B irrstHandle
00133b0c 00000004 b ptmSysmRefCount
00133b10 00000004 b ptmSysmHandle
00133b14 00000004 b swkbdSharedMemHandle
00133b18 00000004 b swkbdSharedMem
00133b1c 00000004 V __ctru_linear_heap_size
00133b20 00000004 V __ctru_heap_size
00133b24 00000004 B __ctru_linear_heap
00133b28 00000004 B __ctru_heap
00133b2c 00000004 B __system_retAddr
00133b30 00000004 B __system_argv
00133b34 00000004 B __system_argc
00133b38 b saved_stack
00133b40 00000004 B __3dslink_host
00133b44 00000004 b srvRefCount
00133b48 00000004 b srvHandle
00133b4c 00000004 b arbiter
00133b50 00000004 b currentAddr
00133b54 00000004 b maxAddr
00133b58 00000004 b minAddr
00133b5c 00000004 b srvPmHandle
00133b60 000005c0 b archive_devices
00134120 00000004 b archive_device_cwd
00134124 00000001 b archive_initialized
00134128 00000080 b fsExemptArchives
001341a8 00000004 b fsuRefCount
001341ac 00000004 b fsuHandle
001341b0 00000028 B __malloc_current_mallinfo
001341d8 00000004 B __malloc_max_total_mem
001341dc 00000004 B __malloc_max_sbrked_mem
001341e0 00000004 B __malloc_top_pad
001341e4 0000000c b __sfp_recursive_mutex
001341f0 00000168 B __sf
00134358 00000004 B __stdio_exit_handler
0013435c 0000000c b __malloc_recursive_mutex
00134368 00000400 b temp_cwd
00134768 00000004 b __hndl_lock
0013476c 00000004 B fake_heap_start
00134770 00000004 B fake_heap_end
00134774 00000004 b heap_start.0
00134778 B __tls_start
00135380 B __bss_end__
00135380 A __end__
00135380 B __tls_end
